2006.11.30 17:06 B C:\wamp\www\Portal Comercial\fpdf\font\courier.php --> www.gabnetweb.com /www/fpdf/font courier.php
2006.11.30 17:06 B C:\wamp\www\Portal Comercial\fpdf\font\helvetica.php --> www.gabnetweb.com /www/fpdf/font helvetica.php
2006.11.30 17:06 B C:\wamp\www\Portal Comercial\fpdf\font\helveticab.php --> www.gabnetweb.com /www/fpdf/font helveticab.php
2006.11.30 17:06 B C:\wamp\www\Portal Comercial\fpdf\font\helveticabi.php --> www.gabnetweb.com /www/fpdf/font helveticabi.php
2006.11.30 17:06 B C:\wamp\www\Portal Comercial\fpdf\font\helveticai.php --> www.gabnetweb.com /www/fpdf/font helveticai.php
2006.11.30 17:06 B C:\wamp\www\Portal Comercial\fpdf\font\symbol.php --> www.gabnetweb.com /www/fpdf/font symbol.php
2006.11.30 17:06 B C:\wamp\www\Portal Comercial\fpdf\font\times.php --> www.gabnetweb.com /www/fpdf/font times.php
2006.11.30 17:06 B C:\wamp\www\Portal Comercial\fpdf\font\timesb.php --> www.gabnetweb.com /www/fpdf/font timesb.php
2006.11.30 17:06 B C:\wamp\www\Portal Comercial\fpdf\font\timesbi.php --> www.gabnetweb.com /www/fpdf/font timesbi.php
2006.11.30 17:06 B C:\wamp\www\Portal Comercial\fpdf\font\timesi.php --> www.gabnetweb.com /www/fpdf/font timesi.php
2006.11.30 17:06 B C:\wamp\www\Portal Comercial\fpdf\font\zapfdingbats.php --> www.gabnetweb.com /www/fpdf/font zapfdingbats.php
2006.11.30 22:07 B C:\wamp\www\Portal Comercial\fpdf\font\WS_FTP.LOG --> www.gabnetweb.com /www/fpdf/font WS_FTP.LOG
2006.12.01 09:04 B C:\wamp\www\Portal Comercial\fpdf\font\WS_FTP.LOG --> www.foldereletronico.com.br /www/gabnetweb/fpdf/font WS_FTP.LOG
2006.12.01 10:26 B C:\wamp\www\Portal Comercial\fpdf\font\WS_FTP.LOG --> www.foldereletronico.com.br /www/gabnetweb/fpdf/font WS_FTP.LOG
2006.12.12 22:55 B C:\wamp\www\Portal Comercial\fpdf\font\WS_FTP.LOG --> www.gabnetweb.com /www/fpdf/font WS_FTP.LOG
2006.12.12 23:46 B C:\wamp\www\Portal Comercial\fpdf\font\WS_FTP.LOG --> www.foldereletronico.com.br /www/gabnetweb/fpdf/font WS_FTP.LOG
2006.12.20 23:20 B C:\wamp\www\Portal Comercial\fpdf\font\WS_FTP.LOG --> www.foldereletronico.com.br /www/gabnetweb/fpdf/font WS_FTP.LOG
2007.01.23 19:37 B c:\wamp\www\Portal Comercial\fpdf\font\courier.php --> www.luizbraz.com.br /www/gabnetweb/fpdf/font courier.php
2007.01.23 19:37 B c:\wamp\www\Portal Comercial\fpdf\font\helvetica.php --> www.luizbraz.com.br /www/gabnetweb/fpdf/font helvetica.php
2007.01.23 19:37 B c:\wamp\www\Portal Comercial\fpdf\font\helveticab.php --> www.luizbraz.com.br /www/gabnetweb/fpdf/font helveticab.php
2007.01.23 19:37 B c:\wamp\www\Portal Comercial\fpdf\font\helveticabi.php --> www.luizbraz.com.br /www/gabnetweb/fpdf/font helveticabi.php
2007.01.23 19:37 B c:\wamp\www\Portal Comercial\fpdf\font\helveticai.php --> www.luizbraz.com.br /www/gabnetweb/fpdf/font helveticai.php
2007.01.23 19:37 B c:\wamp\www\Portal Comercial\fpdf\font\symbol.php --> www.luizbraz.com.br /www/gabnetweb/fpdf/font symbol.php
2007.01.23 19:37 B c:\wamp\www\Portal Comercial\fpdf\font\times.php --> www.luizbraz.com.br /www/gabnetweb/fpdf/font times.php
2007.01.23 19:38 B c:\wamp\www\Portal Comercial\fpdf\font\timesb.php --> www.luizbraz.com.br /www/gabnetweb/fpdf/font timesb.php
2007.01.23 19:38 B c:\wamp\www\Portal Comercial\fpdf\font\timesbi.php --> www.luizbraz.com.br /www/gabnetweb/fpdf/font timesbi.php
2007.01.23 19:38 B c:\wamp\www\Portal Comercial\fpdf\font\timesi.php --> www.luizbraz.com.br /www/gabnetweb/fpdf/font timesi.php
2007.01.23 19:38 B c:\wamp\www\Portal Comercial\fpdf\font\WS_FTP.LOG --> www.luizbraz.com.br /www/gabnetweb/fpdf/font WS_FTP.LOG
2007.01.23 19:38 B c:\wamp\www\Portal Comercial\fpdf\font\zapfdingbats.php --> www.luizbraz.com.br /www/gabnetweb/fpdf/font zapfdingbats.php
